TN:
SF:src/index.ts
FN:27,addNotebook
FN:68,setMsg
FN:84,(anonymous_2)
FN:85,(anonymous_3)
FN:116,(anonymous_4)
FN:138,(anonymous_5)
FN:150,(anonymous_6)
FN:154,(anonymous_7)
FN:167,(anonymous_8)
FN:178,loadSetting
FN:191,(anonymous_10)
FN:198,(anonymous_11)
FNF:12
FNH:0
FNDA:0,addNotebook
FNDA:0,setMsg
FNDA:0,(anonymous_2)
FNDA:0,(anonymous_3)
FNDA:0,(anonymous_4)
FNDA:0,(anonymous_5)
FNDA:0,(anonymous_6)
FNDA:0,(anonymous_7)
FNDA:0,(anonymous_8)
FNDA:0,loadSetting
FNDA:0,(anonymous_10)
FNDA:0,(anonymous_11)
DA:6,0
DA:7,0
DA:8,0
DA:9,0
DA:12,0
DA:19,0
DA:20,0
DA:22,0
DA:28,0
DA:29,0
DA:35,0
DA:39,0
DA:40,0
DA:44,0
DA:47,0
DA:51,0
DA:53,0
DA:54,0
DA:56,0
DA:57,0
DA:58,0
DA:59,0
DA:61,0
DA:62,0
DA:69,0
DA:70,0
DA:71,0
DA:72,0
DA:73,0
DA:75,0
DA:76,0
DA:80,0
DA:84,0
DA:86,0
DA:87,0
DA:88,0
DA:89,0
DA:92,0
DA:102,0
DA:107,0
DA:109,0
DA:111,0
DA:112,0
DA:114,0
DA:117,0
DA:119,0
DA:120,0
DA:121,0
DA:128,0
DA:142,0
DA:150,0
DA:153,0
DA:154,0
DA:155,0
DA:163,0
DA:168,0
DA:171,0
DA:180,0
DA:181,0
DA:182,0
DA:184,0
DA:190,0
DA:193,0
DA:196,0
DA:199,0
DA:206,0
LF:66
LH:0
BRDA:28,0,0,0
BRDA:39,1,0,0
BRDA:70,2,0,0
BRDA:70,2,1,0
BRDA:87,3,0,0
BRDA:87,3,1,0
BRDA:181,4,0,0
BRDA:181,4,1,0
BRF:8
BRH:0
end_of_record
